<?xml version="1.0" encoding="UTF-8"?>
<!-- Generated by org.testng.reporters.JUnitReportReporter -->
<testsuite hostname="MeoPC" failures="0" tests="2" name="automation.testsuite.Baitapvenha2_day8" time="6.478" errors="0" timestamp="2025-02-12T17:50:31 GMT+09:00" skipped="0">
  <testcase classname="automation.testsuite.Baitapvenha2_day8" name="locateById" time="3.465"/>
  <system-out/>
  <testcase classname="automation.testsuite.Baitapvenha2_day8" name="locateByName" time="3.013"/>
  <system-out/>
</testsuite> <!-- automation.testsuite.Baitapvenha2_day8 -->
