<?xml version="1.0" encoding="UTF-8"?>
<!-- Generated by org.testng.reporters.JUnitReportReporter -->
<testsuite hostname="MeoPC" failures="0" tests="1" name="automation.testsuite.Day12_Dropdownlist" time="3.596" errors="0" timestamp="2025-02-16T23:16:27 GMT+09:00" skipped="0">
  <testcase classname="automation.testsuite.Day12_Dropdownlist" name="chooseAWSOption" time="3.596"/>
  <system-out/>
</testsuite> <!-- automation.testsuite.Day12_Dropdownlist -->
