<?xml version="1.0" encoding="UTF-8"?>
<!-- Generated by org.testng.reporters.JUnitReportReporter -->
<testsuite hostname="MeoPC" failures="0" tests="5" name="automation.testsuite.LoginTest" time="138.180" errors="0" timestamp="2025-02-12T17:19:28 GMT+09:00" skipped="0">
  <testcase classname="automation.testsuite.LoginTest" name="locateById" time="25.553"/>
  <system-out/>
  <testcase classname="automation.testsuite.LoginTest" name="locateByName" time="27.143"/>
  <system-out/>
  <testcase classname="automation.testsuite.LoginTest" name="locateByClassName" time="25.819"/>
  <system-out/>
  <testcase classname="automation.testsuite.LoginTest" name="locateByTagName" time="29.688"/>
  <system-out/>
  <testcase classname="automation.testsuite.LoginTest" name="locateByLinkText" time="29.977"/>
  <system-out/>
</testsuite> <!-- automation.testsuite.LoginTest -->
