<?xml version="1.0" encoding="UTF-8"?>
<!-- Generated by org.testng.reporters.JUnitReportReporter -->
<testsuite hostname="MeoPC" failures="0" tests="1" name="automation.testsuite.Day12" time="25.898" errors="0" timestamp="2025-02-16T22:48:41 GMT+09:00" skipped="0">
  <testcase classname="automation.testsuite.Day12" name="clickRadioButton" time="25.898"/>
  <system-out/>
</testsuite> <!-- automation.testsuite.Day12 -->
