<?xml version="1.0" encoding="UTF-8"?>
<!-- Generated by org.testng.reporters.JUnitReportReporter -->
<testsuite hostname="MeoPC" failures="0" tests="1" name="automation.testsuite.BTVN_day12" time="10.014" errors="0" timestamp="2025-02-19T21:18:52 GMT+09:00" skipped="0">
  <testcase classname="automation.testsuite.BTVN_day12" name="chooseVNOption" time="10.014"/>
  <system-out/>
</testsuite> <!-- automation.testsuite.BTVN_day12 -->
